Build started 14-Sep-15 4:31:35 PM.
     1>Project "c:\Users\black\documents\visual studio 2013\Projects\Skerth\Skerth\Skerth.vcxproj" on node 2 (Build target(s)).
     1>ClCompile:
         C:\Program Files (x86)\Microsoft Visual Studio 12.0\VC\bin\CL.exe /c /ZI /nologo /W3 /WX- /sdl /Od /Oy- /D _MBCS /Gm /EHsc /RTC1 /MDd /GS /fp:precise /Zc:wchar_t /Zc:forScope /Fo"Debug\\" /Fd"Debug\vc120.pdb" /Gd /TP /analyze- /errorReport:prompt Agent.cpp Human.cpp Level.cpp MainGame.cpp Player.cpp Zombie.cpp main.cpp
         Agent.cpp
         Generating Code...
         Compiling...
         Level.cpp
     1>c:\users\black\documents\visual studio 2013\projects\skerth\skerth\level.cpp(30): warning C4018: '<' : signed/unsigned mismatch
     1>c:\users\black\documents\visual studio 2013\projects\skerth\skerth\level.cpp(32): warning C4018: '<' : signed/unsigned mismatch
     1>c:\users\black\documents\visual studio 2013\projects\skerth\skerth\level.cpp(55): warning C4244: '=' : conversion from 'const int' to 'float', possible loss of data
     1>c:\users\black\documents\visual studio 2013\projects\skerth\skerth\level.cpp(56): warning C4244: '=' : conversion from 'const int' to 'float', possible loss of data
         Generating Code...
         Skipping... (no relevant changes detected)
         main.cpp
         Zombie.cpp
         Player.cpp
         MainGame.cpp
         Human.cpp
       Link:
         C:\Program Files (x86)\Microsoft Visual Studio 12.0\VC\bin\link.exe /ERRORREPORT:PROMPT /OUT:"c:\users\black\documents\visual studio 2013\Projects\Skerth\Debug\Skerth.exe" /INCREMENTAL /NOLOGO SDL2.lib SDL2main.lib opengl32.lib glew32.lib Skengine.lib kernel32.lib user32.lib gdi32.lib winspool.lib comdlg32.lib advapi32.lib shell32.lib ole32.lib oleaut32.lib uuid.lib odbc32.lib odbccp32.lib /MANIFEST /MANIFESTUAC:"level='asInvoker' uiAccess='false'" /manifest:embed /DEBUG /PDB:"c:\users\black\documents\visual studio 2013\Projects\Skerth\Debug\Skerth.pdb" /SUBSYSTEM:CONSOLE /TLBID:1 /DYNAMICBASE /NXCOMPAT /IMPLIB:"c:\users\black\documents\visual studio 2013\Projects\Skerth\Debug\Skerth.lib" /MACHINE:X86 Debug\Agent.obj
         Debug\Human.obj
         Debug\Level.obj
         Debug\main.obj
         Debug\MainGame.obj
         Debug\Player.obj
         Debug\Zombie.obj
     1>MSVCRTD.lib(cinitexe.obj) : warning LNK4098: defaultlib 'msvcrt.lib' conflicts with use of other libs; use /NODEFAULTLIB:library
         Skerth.vcxproj -> c:\users\black\documents\visual studio 2013\Projects\Skerth\Debug\Skerth.exe
     1>Done Building Project "c:\Users\black\documents\visual studio 2013\Projects\Skerth\Skerth\Skerth.vcxproj" (Build target(s)).

Build succeeded.

Time Elapsed 00:00:01.35
